var (-1, -1)
identifier (0, 0)
, (-1, -1)
identifier (0, 1)
= (-1, -1)
intConstant (3, 0)
; (-1, -1)
var (-1, -1)
identifier (8, 0)
= (-1, -1)
intConstant (1, 0)
; (-1, -1)
var (-1, -1)
identifier (5, 0)
= (-1, -1)
stringConstant (2, 0)
; (-1, -1)
identifier (0, 0)
= (-1, -1)
readInt (-1, -1)
( (-1, -1)
) (-1, -1)
; (-1, -1)
while (-1, -1)
( (-1, -1)
identifier (0, 1)
* (-1, -1)
identifier (0, 1)
<= (-1, -1)
identifier (0, 0)
) (-1, -1)
{ (-1, -1)
if (-1, -1)
( (-1, -1)
identifier (0, 0)
% (-1, -1)
identifier (0, 1)
== (-1, -1)
intConstant (0, 0)
) (-1, -1)
{ (-1, -1)
identifier (7, 0)
= (-1, -1)
intConstant (0, 0)
; (-1, -1)
} (-1, -1)
identifier (0, 1)
= (-1, -1)
identifier (0, 1)
+ (-1, -1)
intConstant (1, 0)
; (-1, -1)
} (-1, -1)
print (-1, -1)
( (-1, -1)
identifier (7, 0)
) (-1, -1)
; (-1, -1)
